# JRE version: Java(TM) SE Runtime Environment (8.0_211-b12) (build 1.8.0_211-b12)
# Java VM: Java HotSpot(TM) 64-Bit Server VM (25.211-b12 mixed mode windows-amd64 compressed oops)
Heap:
 PSYoungGen      total 34816K, used 30067K [0x00000000d6200000, 0x00000000d8f80000, 0x0000000100000000)
  eden space 31232K, 84% used [0x00000000d6200000,0x00000000d7be4d68,0x00000000d8080000)
  from space 3584K, 99% used [0x00000000d8100000,0x00000000d8478020,0x00000000d8480000)
  to   space 7680K, 0% used [0x00000000d8800000,0x00000000d8800000,0x00000000d8f80000)
 ParOldGen       total 86016K, used 7286K [0x0000000082600000, 0x0000000087a00000, 0x00000000d6200000)
  object space 86016K, 8% used [0x0000000082600000,0x0000000082d1d960,0x0000000087a00000)
 Metaspace       used 15329K, capacity 15538K, committed 15872K, reserved 1062912K
  class space    used 1691K, capacity 1743K, committed 1792K, reserved 1048576K
GC Heap History (10 events):
Event: 2.312 GC heap before
{Heap before GC invocations=3 (full 0):
 PSYoungGen      total 37888K, used 35501K [0x00000000d6200000, 0x00000000d8c00000, 0x0000000100000000)
  eden space 32768K, 99% used [0x00000000d6200000,0x00000000d81fe3b0,0x00000000d8200000)
  from space 5120K, 53% used [0x00000000d8700000,0x00000000d89ad140,0x00000000d8c00000)
  to   space 5120K, 0% used [0x00000000d8200000,0x00000000d8200000,0x00000000d8700000)
 ParOldGen       total 86016K, used 16K [0x0000000082600000, 0x0000000087a00000, 0x00000000d6200000)
  object space 86016K, 0% used [0x0000000082600000,0x0000000082604000,0x0000000087a00000)
 Metaspace       used 8669K, capacity 8758K, committed 8960K, reserved 1056768K
  class space    used 963K, capacity 980K, committed 1024K, reserved 1048576K
Event: 2.314 GC heap after
Heap after GC invocations=3 (full 0):
 PSYoungGen      total 37888K, used 2314K [0x00000000d6200000, 0x00000000d8c00000, 0x0000000100000000)
  eden space 32768K, 0% used [0x00000000d6200000,0x00000000d6200000,0x00000000d8200000)
  from space 5120K, 45% used [0x00000000d8200000,0x00000000d8442a78,0x00000000d8700000)
  to   space 5120K, 0% used [0x00000000d8700000,0x00000000d8700000,0x00000000d8c00000)
 ParOldGen       total 86016K, used 24K [0x0000000082600000, 0x0000000087a00000, 0x00000000d6200000)
  object space 86016K, 0% used [0x0000000082600000,0x0000000082606000,0x0000000087a00000)
 Metaspace       used 8669K, capacity 8758K, committed 8960K, reserved 1056768K
  class space    used 963K, capacity 980K, committed 1024K, reserved 1048576K
}
Event: 2.615 GC heap before
{Heap before GC invocations=4 (full 0):
 PSYoungGen      total 37888K, used 35082K [0x00000000d6200000, 0x00000000d8c00000, 0x0000000100000000)
  eden space 32768K, 100% used [0x00000000d6200000,0x00000000d8200000,0x00000000d8200000)
  from space 5120K, 45% used [0x00000000d8200000,0x00000000d8442a78,0x00000000d8700000)
  to   space 5120K, 0% used [0x00000000d8700000,0x00000000d8700000,0x00000000d8c00000)
 ParOldGen       total 86016K, used 24K [0x0000000082600000, 0x0000000087a00000, 0x00000000d6200000)
  object space 86016K, 0% used [0x0000000082600000,0x0000000082606000,0x0000000087a00000)
 Metaspace       used 9148K, capacity 9302K, committed 9472K, reserved 1058816K
  class space    used 979K, capacity 1012K, committed 1024K, reserved 1048576K
Event: 2.617 GC heap after
Heap after GC invocations=4 (full 0):
 PSYoungGen      total 37888K, used 2116K [0x00000000d6200000, 0x00000000d8c00000, 0x0000000100000000)
  eden space 32768K, 0% used [0x00000000d6200000,0x00000000d6200000,0x00000000d8200000)
  from space 5120K, 41% used [0x00000000d8700000,0x00000000d8911130,0x00000000d8c00000)
  to   space 5120K, 0% used [0x00000000d8200000,0x00000000d8200000,0x00000000d8700000)
 ParOldGen       total 86016K, used 32K [0x0000000082600000, 0x0000000087a00000, 0x00000000d6200000)
  object space 86016K, 0% used [0x0000000082600000,0x0000000082608000,0x0000000087a00000)
 Metaspace       used 9148K, capacity 9302K, committed 9472K, reserved 1058816K
  class space    used 979K, capacity 1012K, committed 1024K, reserved 1048576K
}
Event: 3.539 GC heap before
{Heap before GC invocations=5 (full 0):
 PSYoungGen      total 37888K, used 34884K [0x00000000d6200000, 0x00000000d8c00000, 0x0000000100000000)
  eden space 32768K, 100% used [0x00000000d6200000,0x00000000d8200000,0x00000000d8200000)
  from space 5120K, 41% used [0x00000000d8700000,0x00000000d8911130,0x00000000d8c00000)
  to   space 5120K, 0% used [0x00000000d8200000,0x00000000d8200000,0x00000000d8700000)
 ParOldGen       total 86016K, used 32K [0x0000000082600000, 0x0000000087a00000, 0x00000000d6200000)
  object space 86016K, 0% used [0x0000000082600000,0x0000000082608000,0x0000000087a00000)
 Metaspace       used 9253K, capacity 9430K, committed 9472K, reserved 1058816K
  class space    used 987K, capacity 1012K, committed 1024K, reserved 1048576K
Event: 3.541 GC heap after
Heap after GC invocations=5 (full 0):
 PSYoungGen      total 34816K, used 2068K [0x00000000d6200000, 0x00000000d8880000, 0x0000000100000000)
  eden space 32256K, 0% used [0x00000000d6200000,0x00000000d6200000,0x00000000d8180000)
  from space 2560K, 80% used [0x00000000d8200000,0x00000000d8405120,0x00000000d8480000)
  to   space 3584K, 0% used [0x00000000d8500000,0x00000000d8500000,0x00000000d8880000)
 ParOldGen       total 86016K, used 40K [0x0000000082600000, 0x0000000087a00000, 0x00000000d6200000)
  object space 86016K, 0% used [0x0000000082600000,0x000000008260a000,0x0000000087a00000)
 Metaspace       used 9253K, capacity 9430K, committed 9472K, reserved 1058816K
  class space    used 987K, capacity 1012K, committed 1024K, reserved 1048576K
}
Event: 3.748 GC heap before
{Heap before GC invocations=6 (full 0):
 PSYoungGen      total 34816K, used 34324K [0x00000000d6200000, 0x00000000d8880000, 0x0000000100000000)
  eden space 32256K, 100% used [0x00000000d6200000,0x00000000d8180000,0x00000000d8180000)
  from space 2560K, 80% used [0x00000000d8200000,0x00000000d8405120,0x00000000d8480000)
  to   space 3584K, 0% used [0x00000000d8500000,0x00000000d8500000,0x00000000d8880000)
 ParOldGen       total 86016K, used 40K [0x0000000082600000, 0x0000000087a00000, 0x00000000d6200000)
  object space 86016K, 0% used [0x0000000082600000,0x000000008260a000,0x0000000087a00000)
 Metaspace       used 9426K, capacity 9590K, committed 9856K, reserved 1058816K
  class space    used 1017K, capacity 1044K, committed 1152K, reserved 1048576K
Event: 3.750 GC heap after
Heap after GC invocations=6 (full 0):
 PSYoungGen      total 34816K, used 2196K [0x00000000d6200000, 0x00000000d8800000, 0x0000000100000000)
  eden space 31744K, 0% used [0x00000000d6200000,0x00000000d6200000,0x00000000d8100000)
  from space 3072K, 71% used [0x00000000d8500000,0x00000000d8725120,0x00000000d8800000)
  to   space 3584K, 0% used [0x00000000d8100000,0x00000000d8100000,0x00000000d8480000)
 ParOldGen       total 86016K, used 48K [0x0000000082600000, 0x0000000087a00000, 0x00000000d6200000)
  object space 86016K, 0% used [0x0000000082600000,0x000000008260c000,0x0000000087a00000)
 Metaspace       used 9426K, capacity 9590K, committed 9856K, reserved 1058816K
  class space    used 1017K, capacity 1044K, committed 1152K, reserved 1048576K
}
Event: 6.825 GC heap before
{Heap before GC invocations=7 (full 0):
 PSYoungGen      total 34816K, used 33940K [0x00000000d6200000, 0x00000000d8800000, 0x0000000100000000)
  eden space 31744K, 100% used [0x00000000d6200000,0x00000000d8100000,0x00000000d8100000)
  from space 3072K, 71% used [0x00000000d8500000,0x00000000d8725120,0x00000000d8800000)
  to   space 3584K, 0% used [0x00000000d8100000,0x00000000d8100000,0x00000000d8480000)
 ParOldGen       total 86016K, used 48K [0x0000000082600000, 0x0000000087a00000, 0x00000000d6200000)
  object space 86016K, 0% used [0x0000000082600000,0x000000008260c000,0x0000000087a00000)
 Metaspace       used 15062K, capacity 15330K, committed 15616K, reserved 1062912K
  class space    used 1691K, capacity 1743K, committed 1792K, reserved 1048576K
Event: 6.828 GC heap after
Heap after GC invocations=7 (full 0):
 PSYoungGen      total 34816K, used 3552K [0x00000000d6200000, 0x00000000d8f80000, 0x0000000100000000)
  eden space 31232K, 0% used [0x00000000d6200000,0x00000000d6200000,0x00000000d8080000)
  from space 3584K, 99% used [0x00000000d8100000,0x00000000d8478020,0x00000000d8480000)
  to   space 7680K, 0% used [0x00000000d8800000,0x00000000d8800000,0x00000000d8f80000)
 ParOldGen       total 86016K, used 7286K [0x0000000082600000, 0x0000000087a00000, 0x00000000d6200000)
  object space 86016K, 8% used [0x0000000082600000,0x0000000082d1d960,0x0000000087a00000)
 Metaspace       used 15062K, capacity 15330K, committed 15616K, reserved 1062912K
  class space    used 1691K, capacity 1743K, committed 1792K, reserved 1048576K
}

